<?xml version="1.0" encoding="UTF-8"?>
<!-- Generated by org.testng.reporters.JUnitReportReporter -->
<testsuite hostname="Avinashs-Air.bbrouter" failures="0" tests="1" name="com.orangeHRM.tests.LoginTest" time="9.144" errors="0" timestamp="2024-05-14T14:14:12 IST" skipped="0">
  <testcase classname="com.orangeHRM.tests.LoginTest" name="loginTest" time="9.144"/>
  <system-out/>
</testsuite> <!-- com.orangeHRM.tests.LoginTest -->
