<?xml version="1.0" encoding="UTF-8"?>
<!-- Generated by org.testng.reporters.JUnitReportReporter -->
<testsuite hostname="Avinashs-Air.bbrouter" failures="0" tests="1" name="com.orangeHRM.pages.LoginPage" time="13.923" errors="0" timestamp="2024-05-14T12:20:15 IST" skipped="0">
  <testcase classname="com.orangeHRM.pages.LoginPage" name="login" time="13.923"/>
  <system-out/>
</testsuite> <!-- com.orangeHRM.pages.LoginPage -->
